-------------------------------------------------------------------------
      name:  <unnamed>
       log:  /Volumes/SSD PRO/Github-forks/Chp2-BeliefsandTrust/Code/Data
> /HRS_Long/randhrs1992_2022v1_STATA/reg_shares_interacted.log
  log type:  text
 opened on:  17 Nov 2025, 11:41:03

. 
. set more off

. log on
(log already on)

. 
. * Install estout package if not already installed
. capture which estout

. if _rc {
.     ssc install estout, replace
. }

. 
. di as txt "============================================================
> ========"
====================================================================

. di as txt "=== Regression Set 2: Asset Shares × Year Interactions      
>     ==="
=== Regression Set 2: Asset Shares × Year Interactions          ===

. di as txt "============================================================
> ========"
====================================================================

. di as txt ""


. 
. * ---------------------------------------------------------------------
. * Regression 2.1: r_annual (including residential)
. * ---------------------------------------------------------------------
. di as txt "============================================================
> ========"
====================================================================

. di as txt "Regression 2.1: r_annual (including residential)"
Regression 2.1: r_annual (including residential)

. di as txt "============================================================
> ========"
====================================================================

. 
. * Load fresh data
. use "_randhrs1992_2022v1_panel.dta", clear

. 
. * Set panel structure
. xtset hhidpn year

Panel variable: hhidpn (strongly balanced)
 Time variable: year, 2002 to 2022, but with gaps
         Delta: 1 unit

. gen age_sq = age^2
(82,616 missing values generated)

. 
. eststo clear

. eststo reg2_1: reg r_annual age age_sq raedyrs i.inlbrf i.married i.bor
> n_us ///
>     i.wealth_d2 i.wealth_d3 i.wealth_d4 i.wealth_d5 i.wealth_d6 ///
>     i.wealth_d7 i.wealth_d8 i.wealth_d9 i.wealth_d10 ///
>     i.year ///
>     c.share_stk##i.year ///
>     c.share_bond##i.year ///
>     c.share_re##i.year ///
>     c.share_ira##i.year ///
>     c.share_bus##i.year ///
>     c.liability_share##i.year, vce(cluster hhidpn)

Linear regression                               Number of obs     =     7
> 1,264
                                                F(91, 11318)      =      
> 39.28
                                                Prob > F          =     0
> .0000
                                                R-squared         =     0
> .0604
                                                Root MSE          =     .
> 46271

                            (Std. err. adjusted for 11,319 clusters in hh
> idpn)
-------------------------------------------------------------------------
> -----
             |               Robust
    r_annual | Coefficient  std. err.      t    P>|t|     [95% conf. inte
> rval]
-------------+-----------------------------------------------------------
> -----
         age |    .003702    .001954     1.89   0.058    -.0001282    .00
> 75323
      age_sq |  -.0000415   .0000147    -2.83   0.005    -.0000703   -.00
> 00127
     raedyrs |   .0138903   .0007046    19.71   0.000     .0125092    .01
> 52715
             |
      inlbrf |
      1.yes  |   .0422078   .0039063    10.81   0.000     .0345508    .04
> 98648
             |
     married |
        yes  |   .0405121   .0040589     9.98   0.000      .032556    .04
> 84682
             |
     born_us |
        yes  |  -.0061472   .0057008    -1.08   0.281    -.0173218    .00
> 50274
 1.wealth_d2 |   .0092468   .0149626     0.62   0.537    -.0200825    .03
> 85762
 1.wealth_d3 |   .0156767   .0141272     1.11   0.267     -.012015    .04
> 33684
 1.wealth_d4 |   .0227182   .0140114     1.62   0.105    -.0047466    .05
> 01831
 1.wealth_d5 |  -.0010188   .0134017    -0.08   0.939    -.0272884    .02
> 52507
 1.wealth_d6 |  -.0554747   .0133991    -4.14   0.000    -.0817392   -.02
> 92102
 1.wealth_d7 |  -.0991346   .0140339    -7.06   0.000    -.1266435   -.07
> 16256
 1.wealth_d8 |  -.1355742   .0150017    -9.04   0.000    -.1649801   -.10
> 61683
 1.wealth_d9 |   -.175277   .0158577   -11.05   0.000     -.206361   -.14
> 41931
1.wealth_d10 |  -.2436584   .0178766   -13.63   0.000    -.2786996   -.20
> 86173
             |
        year |
       2004  |  -.0536604   .0181031    -2.96   0.003    -.0891457   -.01
> 81752
       2006  |  -.0105109   .0192978    -0.54   0.586     -.048338    .02
> 73161
       2008  |  -.0947509   .0172044    -5.51   0.000    -.1284745   -.06
> 10272
       2010  |  -.1735408   .0162373   -10.69   0.000    -.2053687   -.14
> 17129
       2012  |  -.1234136   .0160434    -7.69   0.000    -.1548614   -.09
> 19657
       2014  |  -.0563888   .0166377    -3.39   0.001    -.0890015    -.0
> 23776
       2016  |  -.0506591   .0175073    -2.89   0.004    -.0849766   -.01
> 63417
       2018  |  -.0346169   .0158344    -2.19   0.029    -.0656551   -.00
> 35787
       2020  |  -.0193384   .0176825    -1.09   0.274    -.0539992    .01
> 53224
       2022  |    .046435   .0187573     2.48   0.013     .0096674    .08
> 32025
             |
   share_stk |  -.1369499   .0441744    -3.10   0.002    -.2235394   -.05
> 03604
             |
        year#|
 c.share_stk |
       2004  |   .2478804   .0586112     4.23   0.000     .1329922    .36
> 27686
       2006  |   .2308226   .0592056     3.90   0.000     .1147694    .34
> 68759
       2008  |   .2239522   .0595383     3.76   0.000     .1072468    .34
> 06575
       2010  |   .3134709   .0535916     5.85   0.000     .2084221    .41
> 85197
       2012  |   .2997705   .0502712     5.96   0.000     .2012301    .39
> 83108
       2014  |   .3429969   .0511636     6.70   0.000     .2427073    .44
> 32865
       2016  |   .2429438   .0552882     4.39   0.000     .1345694    .35
> 13183
       2018  |   .2771503   .0518453     5.35   0.000     .1755246    .37
> 87761
       2020  |   .3035468   .0785694     3.86   0.000     .1495371    .45
> 75564
       2022  |   .1440433   .0519039     2.78   0.006     .0423026    .24
> 57839
             |
  share_bond |   .3370756   .1080582     3.12   0.002     .1252628    .54
> 88883
             |
        year#|
c.share_bond |
       2004  |  -.0403214   .1633782    -0.25   0.805     -.360571    .27
> 99282
       2006  |  -.2452435   .1683332    -1.46   0.145    -.5752058    .08
> 47189
       2008  |   .3636204    .298579     1.22   0.223    -.2216462     .9
> 48887
       2010  |   .1820239   .1580131     1.15   0.249    -.1277091     .4
> 91757
       2012  |  -.0934426   .1575945    -0.59   0.553    -.4023553      .
> 21547
       2014  |   .0004083   .1376156     0.00   0.998    -.2693421    .27
> 01587
       2016  |  -.0505789   .1598003    -0.32   0.752    -.3638152    .26
> 26575
       2018  |  -.1528756   .1537193    -0.99   0.320    -.4541921     .1
> 48441
       2020  |   -.330079   .1454858    -2.27   0.023    -.6152563   -.04
> 49016
       2022  |  -.3696535    .139665    -2.65   0.008    -.6434212   -.09
> 58858
             |
    share_re |   .0293043   .0646238     0.45   0.650    -.0973696    .15
> 59782
             |
        year#|
  c.share_re |
       2004  |   .1279153   .0762242     1.68   0.093    -.0214975     .2
> 77328
       2006  |   .1353966   .0777039     1.74   0.081    -.0169166    .28
> 77098
       2008  |   .0392316   .0773484     0.51   0.612    -.1123847     .1
> 90848
       2010  |   .0203818   .0721287     0.28   0.778    -.1210031    .16
> 17666
       2012  |   .1007705   .0792129     1.27   0.203    -.0545004    .25
> 60414
       2014  |   .1179228   .0768026     1.54   0.125    -.0326236    .26
> 84692
       2016  |   .1570165   .0743199     2.11   0.035     .0113365    .30
> 26965
       2018  |   .0922632   .0746601     1.24   0.217    -.0540836      .
> 23861
       2020  |   .2000076   .1669293     1.20   0.231    -.1272028     .5
> 27218
       2022  |  -.0930684   .0775225    -1.20   0.230     -.245026    .05
> 88892
             |
   share_ira |  -.1262904   .0338946    -3.73   0.000    -.1927297   -.05
> 98512
             |
        year#|
 c.share_ira |
       2004  |      .1634   .0466951     3.50   0.000     .0718695    .25
> 49304
       2006  |   .1703988   .0815889     2.09   0.037     .0104704    .33
> 03272
       2008  |    .206154   .0593432     3.47   0.001      .089831     .3
> 22477
       2010  |   .2364758   .0424646     5.57   0.000     .1532377    .31
> 97139
       2012  |   .2677891   .0475615     5.63   0.000     .1745603     .3
> 61018
       2014  |   .2524853   .0516619     4.89   0.000      .151219    .35
> 37516
       2016  |   .1865675   .0409565     4.56   0.000     .1062856    .26
> 68493
       2018  |   .2129096   .0450579     4.73   0.000     .1245883     .3
> 01231
       2020  |   .1254366    .040218     3.12   0.002     .0466024    .20
> 42708
       2022  |   .2159937   .0631942     3.42   0.001      .092122    .33
> 98653
             |
   share_bus |  -.0527323   .0605244    -0.87   0.384    -.1713706     .0
> 65906
             |
        year#|
 c.share_bus |
       2004  |   .1770835   .0850873     2.08   0.037     .0102977    .34
> 38693
       2006  |   .1326054   .0736128     1.80   0.072    -.0116885    .27
> 68993
       2008  |   .1557156   .0721955     2.16   0.031     .0141999    .29
> 72314
       2010  |   .2932366   .0738165     3.97   0.000     .1485433    .43
> 79298
       2012  |    .263334   .0707527     3.72   0.000     .1246465    .40
> 20216
       2014  |   .2627911   .0763494     3.44   0.001      .113133    .41
> 24492
       2016  |   .3856162   .1719203     2.24   0.025     .0486225    .72
> 26099
       2018  |   .1505305   .0735887     2.05   0.041     .0062839    .29
> 47771
       2020  |   .0670475   .0756564     0.89   0.376    -.0812521    .21
> 53471
       2022  |   .0981313   .0812918     1.21   0.227    -.0612148    .25
> 74774
             |
liability_~e |   .0838244   .0415748     2.02   0.044     .0023306    .16
> 53181
             |
        year#|
          c. |
liability_~e |
       2004  |   .0875463   .0468535     1.87   0.062    -.0042947    .17
> 93872
       2006  |   .2036519   .1050961     1.94   0.053    -.0023548    .40
> 96585
       2008  |   -.236582   .0873208    -2.71   0.007    -.4077459   -.06
> 54181
       2010  |   .1879117   .0844609     2.22   0.026     .0223537    .35
> 34696
       2012  |  -.0029906   .0597034    -0.05   0.960    -.1200197    .11
> 40386
       2014  |   .0818131   .0567072     1.44   0.149    -.0293429     .1
> 92969
       2016  |   .0534868   .0891391     0.60   0.548    -.1212412    .22
> 82148
       2018  |    .055272   .0584263     0.95   0.344    -.0592537    .16
> 97978
       2020  |   .0364568   .0801888     0.45   0.649    -.1207272    .19
> 36408
       2022  |   .6722372   .1860976     3.61   0.000     .3074535    1.0
> 37021
             |
       _cons |  -.0962464   .0669461    -1.44   0.151    -.2274724    .03
> 49796
-------------------------------------------------------------------------
> -----

. 
. * Joint F-tests for asset shares
. di as txt ""


. di as txt "--- Joint F-tests: Testing equality of coefficients across y
> ears ---"
--- Joint F-tests: Testing equality of coefficients across years ---

. di as txt ""


. 
. * Note: These tests check if the interaction coefficients are jointly d
> ifferent from zero
. * which tests whether asset share effects vary significantly across yea
> rs
. 
. di as txt "Test 1: Stock share (main and interactions)"
Test 1: Stock share (main and interactions)

. quietly test c.share_stk

. local fstat_stk = r(F)

. local p_stk = r(p)

. di as txt "F-statistic: " %6.2f `fstat_stk' "  p-value: " %6.4f `p_stk'
F-statistic:   9.61  p-value: 0.0019

. 
. di as txt ""


. di as txt "Test 2: Bond share (main and interactions)"
Test 2: Bond share (main and interactions)

. quietly test c.share_bond

. local fstat_bond = r(F)

. local p_bond = r(p)

. di as txt "F-statistic: " %6.2f `fstat_bond' "  p-value: " %6.4f `p_bon
> d'
F-statistic:   9.73  p-value: 0.0018

. 
. di as txt ""


. di as txt "Test 3: Real estate share (main and interactions)"
Test 3: Real estate share (main and interactions)

. quietly test c.share_re

. local fstat_re = r(F)

. local p_re = r(p)

. di as txt "F-statistic: " %6.2f `fstat_re' "  p-value: " %6.4f `p_re'
F-statistic:   0.21  p-value: 0.6502

. 
. di as txt ""


. di as txt "Test 4: IRA share (main and interactions)"
Test 4: IRA share (main and interactions)

. quietly test c.share_ira

. local fstat_ira = r(F)

. local p_ira = r(p)

. di as txt "F-statistic: " %6.2f `fstat_ira' "  p-value: " %6.4f `p_ira'
F-statistic:  13.88  p-value: 0.0002

. 
. di as txt ""


. di as txt "Test 5: Business share (main and interactions)"
Test 5: Business share (main and interactions)

. quietly test c.share_bus

. local fstat_bus = r(F)

. local p_bus = r(p)

. di as txt "F-statistic: " %6.2f `fstat_bus' "  p-value: " %6.4f `p_bus'
F-statistic:   0.76  p-value: 0.3836

. 
. di as txt ""


. di as txt "Test 6: Liability share (main and interactions)"
Test 6: Liability share (main and interactions)

. quietly test liability_share

. local fstat_liab = r(F)

. local p_liab = r(p)

. di as txt "F-statistic: " %6.2f `fstat_liab' "  p-value: " %6.4f `p_lia
> b'
F-statistic:   4.07  p-value: 0.0438

. 
. di as txt ""


. 
. * ---------------------------------------------------------------------
. * Regression 2.2: r_annual_trim (including residential, trimmed)
. * ---------------------------------------------------------------------
. di as txt "============================================================
> ========"
====================================================================

. di as txt "Regression 2.2: r_annual_trim (including residential, trimme
> d)"
Regression 2.2: r_annual_trim (including residential, trimmed)

. di as txt "============================================================
> ========"
====================================================================

. 
. * Load fresh data and restrict to balanced panel for r_annual_trim
. use "_randhrs1992_2022v1_panel.dta", clear

. 
. * Count non-missing r_annual_trim per individual
. bysort hhidpn: egen n_nonmiss = count(r_annual_trim) if !missing(r_annu
> al_trim)
(109,869 missing values generated)

. bysort hhidpn: egen total_obs = count(r_annual_trim)

. bysort hhidpn: egen max_nonmiss = max(n_nonmiss)
(55,088 missing values generated)

. 
. * Keep only individuals with non-missing r_annual_trim in ALL years (11
>  years total)
. keep if max_nonmiss == 11 & total_obs == 11
(155,650 observations deleted)

. drop n_nonmiss total_obs max_nonmiss

. 
. * Verify balanced panel
. bysort hhidpn: gen n_obs = _N

. summarize n_obs

    Variable |        Obs        Mean    Std. dev.       Min        Max
-------------+---------------------------------------------------------
       n_obs |     18,766          11           0         11         11

. di as txt "Sample restricted to individuals with r_annual_trim in all 1
> 1 years: " _N " observations"
Sample restricted to individuals with r_annual_trim in all 11 years: 1876
> 6 observations

. di as txt "Min obs per individual: " r(min) ", Max obs per individual: 
> " r(max)
Min obs per individual: 11, Max obs per individual: 11

. drop n_obs

. 
. * Set panel structure
. xtset hhidpn year

Panel variable: hhidpn (strongly balanced)
 Time variable: year, 2002 to 2022, but with gaps
         Delta: 1 unit

. gen age_sq = age^2

. 
. eststo reg2_2: reg r_annual_trim age age_sq raedyrs i.inlbrf i.married 
> i.born_us ///
>     i.wealth_d2 i.wealth_d3 i.wealth_d4 i.wealth_d5 i.wealth_d6 ///
>     i.wealth_d7 i.wealth_d8 i.wealth_d9 i.wealth_d10 ///
>     i.year ///
>     c.share_stk##i.year ///
>     c.share_bond##i.year ///
>     c.share_re##i.year ///
>     c.share_ira##i.year ///
>     c.share_bus##i.year ///
>     c.liability_share##i.year, vce(cluster hhidpn)

Linear regression                               Number of obs     =     1
> 8,724
                                                F(91, 1704)       =      
> 26.46
                                                Prob > F          =     0
> .0000
                                                R-squared         =     0
> .0888
                                                Root MSE          =     .
> 19745

                             (Std. err. adjusted for 1,705 clusters in hh
> idpn)
-------------------------------------------------------------------------
> -----
             |               Robust
r_annual_t~m | Coefficient  std. err.      t    P>|t|     [95% conf. inte
> rval]
-------------+-----------------------------------------------------------
> -----
         age |   .0006951   .0021622     0.32   0.748    -.0035457     .0
> 04936
      age_sq |   -.000016   .0000156    -1.02   0.306    -.0000465    .00
> 00146
     raedyrs |    .007741   .0005567    13.91   0.000     .0066491    .00
> 88328
             |
      inlbrf |
      1.yes  |   .0120314   .0030913     3.89   0.000     .0059682    .01
> 80946
             |
     married |
        yes  |   .0156863    .003312     4.74   0.000     .0091902    .02
> 21824
             |
     born_us |
        yes  |   -.013457   .0040837    -3.30   0.001    -.0214666   -.00
> 54474
 1.wealth_d2 |  -.0355608   .0170715    -2.08   0.037     -.069044   -.00
> 20775
 1.wealth_d3 |  -.0443412   .0161331    -2.75   0.006    -.0759839   -.01
> 26984
 1.wealth_d4 |  -.0501837    .015943    -3.15   0.002    -.0814535   -.01
> 89138
 1.wealth_d5 |  -.0653221   .0155334    -4.21   0.000    -.0957886   -.03
> 48555
 1.wealth_d6 |  -.0830919   .0152173    -5.46   0.000    -.1129385   -.05
> 32454
 1.wealth_d7 |  -.1047131   .0155385    -6.74   0.000    -.1351896   -.07
> 42366
 1.wealth_d8 |  -.1195086   .0156568    -7.63   0.000    -.1502172   -.08
> 87999
 1.wealth_d9 |  -.1396599   .0157934    -8.84   0.000    -.1706363   -.10
> 86834
1.wealth_d10 |  -.1717599   .0163337   -10.52   0.000     -.203796   -.13
> 97237
             |
        year |
       2004  |   .0148567   .0124808     1.19   0.234    -.0096227    .03
> 93361
       2006  |   .0264254   .0127444     2.07   0.038     .0014291    .05
> 14217
       2008  |  -.0562906   .0116805    -4.82   0.000    -.0792003   -.03
> 33809
       2010  |  -.1127503   .0123006    -9.17   0.000    -.1368761   -.08
> 86245
       2012  |  -.0686578   .0119496    -5.75   0.000    -.0920952   -.04
> 52205
       2014  |  -.0097611   .0126412    -0.77   0.440     -.034555    .01
> 50328
       2016  |  -.0198695   .0124642    -1.59   0.111    -.0443162    .00
> 45772
       2018  |  -.0158058   .0128945    -1.23   0.220    -.0410965    .00
> 94849
       2020  |   -.010906   .0131488    -0.83   0.407    -.0366954    .01
> 48834
       2022  |   .0521247   .0134971     3.86   0.000     .0256521    .07
> 85973
             |
   share_stk |  -.0934136    .029821    -3.13   0.002    -.1519031    -.0
> 34924
             |
        year#|
 c.share_stk |
       2004  |   .0677854   .0451769     1.50   0.134    -.0208226    .15
> 63934
       2006  |   .0911882   .0489555     1.86   0.063    -.0048311    .18
> 72075
       2008  |   .1132864    .042608     2.66   0.008      .029717    .19
> 68559
       2010  |   .1460842   .0410821     3.56   0.000     .0655075    .22
> 66609
       2012  |   .1763097   .0405315     4.35   0.000     .0968128    .25
> 58065
       2014  |   .1864038   .0418395     4.46   0.000     .1043415    .26
> 84661
       2016  |   .1362406   .0394075     3.46   0.001     .0589485    .21
> 35327
       2018  |   .1161199   .0442609     2.62   0.009     .0293083    .20
> 29314
       2020  |    .059127    .039643     1.49   0.136    -.0186271    .13
> 68811
       2022  |   .0720408    .042447     1.70   0.090     -.011213    .15
> 52945
             |
  share_bond |    .299757   .1170039     2.56   0.010     .0702706    .52
> 92434
             |
        year#|
c.share_bond |
       2004  |  -.3831155   .1836584    -2.09   0.037    -.7433352   -.02
> 28958
       2006  |  -.2889334   .1751269    -1.65   0.099    -.6324198     .0
> 54553
       2008  |   .2117791   .1994014     1.06   0.288    -.1793182    .60
> 28763
       2010  |   .0095319   .1495566     0.06   0.949     -.283802    .30
> 28659
       2012  |  -.0474019   .1407781    -0.34   0.736    -.3235181    .22
> 87142
       2014  |   -.189957   .1474092    -1.29   0.198    -.4790791    .09
> 91652
       2016  |  -.0654119   .1533515    -0.43   0.670    -.3661889    .23
> 53651
       2018  |  -.1602333   .1504642    -1.06   0.287    -.4553473    .13
> 48808
       2020  |  -.2439058   .1578268    -1.55   0.122    -.5534604    .06
> 56489
       2022  |  -.5573529   .1316369    -4.23   0.000    -.8155398    -.2
> 99166
             |
    share_re |  -.0082488   .0462842    -0.18   0.859    -.0990286     .0
> 82531
             |
        year#|
  c.share_re |
       2004  |   .0489793    .059748     0.82   0.412    -.0682078    .16
> 61664
       2006  |   .1224518   .0637168     1.92   0.055    -.0025196    .24
> 74232
       2008  |   .0860646   .0535676     1.61   0.108    -.0190007    .19
> 11299
       2010  |  -.0013439   .0585379    -0.02   0.982    -.1161576    .11
> 34699
       2012  |   .0810373   .0591436     1.37   0.171    -.0349644    .19
> 70391
       2014  |  -.0411897   .0628035    -0.66   0.512    -.1643697    .08
> 19904
       2016  |   .0651366   .0612275     1.06   0.288    -.0549525    .18
> 52257
       2018  |   .0251274   .0651869     0.39   0.700    -.1027275    .15
> 29822
       2020  |    .059718   .0679354     0.88   0.380    -.0735275    .19
> 29635
       2022  |  -.1274491   .0717166    -1.78   0.076    -.2681111    .01
> 32128
             |
   share_ira |  -.1074891   .0240851    -4.46   0.000    -.1547285   -.06
> 02496
             |
        year#|
 c.share_ira |
       2004  |    .063182   .0355171     1.78   0.075    -.0064796    .13
> 28437
       2006  |    .096965   .0341263     2.84   0.005     .0300313    .16
> 38988
       2008  |   .0832444    .031118     2.68   0.008     .0222108     .1
> 44278
       2010  |   .0955066   .0327779     2.91   0.004     .0312174    .15
> 97957
       2012  |   .1036268   .0298586     3.47   0.001     .0450635    .16
> 21901
       2014  |   .0784265   .0331722     2.36   0.018      .013364     .1
> 43489
       2016  |   .0496884   .0297939     1.67   0.096    -.0087482    .10
> 81249
       2018  |   .1069429   .0330334     3.24   0.001     .0421525    .17
> 17333
       2020  |   .0250381   .0328563     0.76   0.446    -.0394048     .0
> 89481
       2022  |   .0903115   .0366494     2.46   0.014     .0184289    .16
> 21941
             |
   share_bus |  -.1482483   .0466085    -3.18   0.001    -.2396642   -.05
> 68324
             |
        year#|
 c.share_bus |
       2004  |   .1930187   .0676207     2.85   0.004     .0603905     .3
> 25647
       2006  |   .2112906   .0741952     2.85   0.004     .0657674    .35
> 68139
       2008  |   .2857471   .0607318     4.71   0.000     .1666303    .40
> 48639
       2010  |   .3534505   .0636452     5.55   0.000     .2286196    .47
> 82814
       2012  |   .2231151   .0602748     3.70   0.000     .1048947    .34
> 13354
       2014  |    .243936   .0534547     4.56   0.000     .1390922    .34
> 87799
       2016  |   .1199321   .0500247     2.40   0.017     .0218158    .21
> 80483
       2018  |   .1972399   .0745234     2.65   0.008     .0510729    .34
> 34069
       2020  |   .1934663   .0611603     3.16   0.002      .073509    .31
> 34236
       2022  |   .1972692   .0764249     2.58   0.010     .0473726    .34
> 71658
             |
liability_~e |  -.0253539   .0565918    -0.45   0.654    -.1363507    .08
> 56429
             |
        year#|
          c. |
liability_~e |
       2004  |   .1285388   .0589345     2.18   0.029     .0129472    .24
> 41304
       2006  |   .2074802   .0865068     2.40   0.017     .0378094    .37
> 71509
       2008  |  -.0315457   .1033121    -0.31   0.760    -.2341775    .17
> 10862
       2010  |   .1819876   .1039432     1.75   0.080    -.0218822    .38
> 58573
       2012  |  -.0584017   .0618892    -0.94   0.345    -.1797885    .06
> 29851
       2014  |   .0699068   .0614488     1.14   0.255    -.0506164    .19
> 04299
       2016  |  -.0186945   .0747566    -0.25   0.803    -.1653188    .12
> 79299
       2018  |     .16799    .202276     0.83   0.406    -.2287454    .56
> 47255
       2020  |   .0295048   .1267936     0.23   0.816    -.2191827    .27
> 81924
       2022  |  -.2350625   .1939831    -1.21   0.226    -.6155327    .14
> 54076
             |
       _cons |   .1030443   .0752475     1.37   0.171    -.0445428    .25
> 06314
-------------------------------------------------------------------------
> -----

. 
. di as txt ""


. 
. * ---------------------------------------------------------------------
. * Regression 2.3: r_annual_excl (excluding residential)
. * ---------------------------------------------------------------------
. di as txt "============================================================
> ========"
====================================================================

. di as txt "Regression 2.3: r_annual_excl (excluding residential)"
Regression 2.3: r_annual_excl (excluding residential)

. di as txt "============================================================
> ========"
====================================================================

. 
. * Load fresh data and restrict to balanced panel for r_annual_excl
. use "_randhrs1992_2022v1_panel.dta", clear

. 
. * Count non-missing r_annual_excl per individual
. bysort hhidpn: egen n_nonmiss = count(r_annual_excl) if !missing(r_annu
> al_excl)
(101,997 missing values generated)

. bysort hhidpn: egen total_obs = count(r_annual_excl)

. bysort hhidpn: egen max_nonmiss = max(n_nonmiss)
(48,719 missing values generated)

. 
. * Keep only individuals with non-missing r_annual_excl in ALL years (11
>  years total)
. keep if max_nonmiss == 11 & total_obs == 11
(145,860 observations deleted)

. drop n_nonmiss total_obs max_nonmiss

. 
. * Verify balanced panel
. bysort hhidpn: gen n_obs = _N

. summarize n_obs

    Variable |        Obs        Mean    Std. dev.       Min        Max
-------------+---------------------------------------------------------
       n_obs |     28,556          11           0         11         11

. di as txt "Sample restricted to individuals with r_annual_excl in all 1
> 1 years: " _N " observations"
Sample restricted to individuals with r_annual_excl in all 11 years: 2855
> 6 observations

. di as txt "Min obs per individual: " r(min) ", Max obs per individual: 
> " r(max)
Min obs per individual: 11, Max obs per individual: 11

. drop n_obs

. 
. * Set panel structure
. xtset hhidpn year

Panel variable: hhidpn (strongly balanced)
 Time variable: year, 2002 to 2022, but with gaps
         Delta: 1 unit

. gen age_sq = age^2

. 
. eststo reg2_3: reg r_annual_excl age age_sq raedyrs i.inlbrf i.married 
> i.born_us ///
>     i.wealth_nonres_d2 i.wealth_nonres_d3 i.wealth_nonres_d4 i.wealth_n
> onres_d5 i.wealth_nonres_d6 ///
>     i.wealth_nonres_d7 i.wealth_nonres_d8 i.wealth_nonres_d9 i.wealth_n
> onres_d10 ///
>     i.year ///
>     c.share_stk##i.year ///
>     c.share_bond##i.year ///
>     c.share_re##i.year ///
>     c.share_ira##i.year ///
>     c.share_bus##i.year ///
>     c.liability_share##i.year, vce(cluster hhidpn)

Linear regression                               Number of obs     =     2
> 8,471
                                                F(91, 2594)       =      
> 12.47
                                                Prob > F          =     0
> .0000
                                                R-squared         =     0
> .0486
                                                Root MSE          =     .
> 28237

                             (Std. err. adjusted for 2,595 clusters in hh
> idpn)
-------------------------------------------------------------------------
> -----
             |               Robust
r_annual_e~l | Coefficient  std. err.      t    P>|t|     [95% conf. inte
> rval]
-------------+-----------------------------------------------------------
> -----
         age |  -.0037509   .0023645    -1.59   0.113    -.0083875    .00
> 08856
      age_sq |   .0000226    .000017     1.33   0.184    -.0000108     .0
> 00056
     raedyrs |    .010086   .0007504    13.44   0.000     .0086144    .01
> 15575
             |
      inlbrf |
      1.yes  |   .0225546   .0038939     5.79   0.000     .0149192    .03
> 01899
             |
     married |
        yes  |   .0054294   .0042887     1.27   0.206    -.0029802     .0
> 13839
             |
     born_us |
        yes  |   .0014809   .0062058     0.24   0.811    -.0106878    .01
> 36497
1.wealth_n~2 |  -.0474106   .0191275    -2.48   0.013    -.0849172   -.00
> 99039
1.wealth_n~3 |  -.0371433   .0187877    -1.98   0.048    -.0739837   -.00
> 03029
1.wealth_n~4 |   -.053784   .0178532    -3.01   0.003    -.0887921    -.0
> 18776
1.wealth_n~5 |  -.0561659   .0182525    -3.08   0.002    -.0919568   -.02
> 03749
1.wealth_n~6 |  -.0974856   .0175468    -5.56   0.000    -.1318927   -.06
> 30785
1.wealth_n~7 |  -.1166907   .0180069    -6.48   0.000    -.1520001   -.08
> 13814
1.wealth_n~8 |  -.1369787   .0185408    -7.39   0.000     -.173335   -.10
> 06223
1.wealth_n~9 |  -.1535308   .0191392    -8.02   0.000    -.1910605   -.11
> 60011
1.wealth_n~0 |  -.1848754   .0197084    -9.38   0.000    -.2235212   -.14
> 62296
             |
        year |
       2004  |  -.0366372   .0135852    -2.70   0.007    -.0632762   -.00
> 99982
       2006  |  -.0024642   .0142179    -0.17   0.862    -.0303437    .02
> 54154
       2008  |  -.0291499   .0135765    -2.15   0.032    -.0557718    -.0
> 02528
       2010  |  -.0569059   .0132003    -4.31   0.000    -.0827901   -.03
> 10216
       2012  |  -.0327234   .0132217    -2.47   0.013    -.0586496   -.00
> 67972
       2014  |  -.0175618   .0158241    -1.11   0.267    -.0485909    .01
> 34673
       2016  |  -.0506129   .0134225    -3.77   0.000    -.0769329    -.0
> 24293
       2018  |  -.0363974   .0139218    -2.61   0.009    -.0636963   -.00
> 90985
       2020  |  -.0132159   .0153309    -0.86   0.389     -.043278    .01
> 68462
       2022  |  -.0114082   .0150482    -0.76   0.448     -.040916    .01
> 80995
             |
   share_stk |  -.1882751   .0334532    -5.63   0.000    -.2538727   -.12
> 26775
             |
        year#|
 c.share_stk |
       2004  |   .1779067   .0504677     3.53   0.000     .0789456    .27
> 68678
       2006  |   .1463025   .0526663     2.78   0.006     .0430303    .24
> 95747
       2008  |   .1110691   .0445088     2.50   0.013     .0237927    .19
> 83455
       2010  |   .1842553   .0432874     4.26   0.000     .0993739    .26
> 91367
       2012  |   .2209752   .0409237     5.40   0.000     .1407288    .30
> 12215
       2014  |    .210714   .0415384     5.07   0.000     .1292623    .29
> 21658
       2016  |   .1854164   .0431674     4.30   0.000     .1007704    .27
> 00624
       2018  |   .2064042   .0456005     4.53   0.000     .1169871    .29
> 58213
       2020  |    .203686   .0522348     3.90   0.000     .1012599    .30
> 61121
       2022  |   .1794906   .0504941     3.55   0.000     .0804779    .27
> 85034
             |
  share_bond |    .281766   .0962081     2.93   0.003     .0931136    .47
> 04185
             |
        year#|
c.share_bond |
       2004  |  -.1344238   .1529879    -0.88   0.380    -.4344145    .16
> 55669
       2006  |  -.3637335   .1519572    -2.39   0.017    -.6617031   -.06
> 57639
       2008  |   .2859602   .2672135     1.07   0.285    -.2380131    .80
> 99336
       2010  |   .0041672   .1414275     0.03   0.976     -.273155    .28
> 14893
       2012  |  -.1334719   .1123359    -1.19   0.235     -.353749    .08
> 68052
       2014  |  -.1756612   .1394628    -1.26   0.208     -.449131    .09
> 78086
       2016  |  -.1041428   .1363117    -0.76   0.445    -.3714336     .1
> 63148
       2018  |  -.1762993    .181942    -0.97   0.333    -.5330656     .1
> 80467
       2020  |  -.4592319   .1306643    -3.51   0.000    -.7154487   -.20
> 30151
       2022  |  -.4023848   .1341799    -3.00   0.003    -.6654953   -.13
> 92743
             |
    share_re |   .0508477   .0852062     0.60   0.551    -.1162313    .21
> 79268
             |
        year#|
  c.share_re |
       2004  |   .0094968   .0935473     0.10   0.919    -.1739383    .19
> 29318
       2006  |   .0282903   .0939891     0.30   0.763    -.1560109    .21
> 25915
       2008  |  -.1482611   .0914277    -1.62   0.105    -.3275397    .03
> 10176
       2010  |  -.1744582    .091953    -1.90   0.058    -.3547669    .00
> 58506
       2012  |   -.151743   .0908479    -1.67   0.095    -.3298848    .02
> 63988
       2014  |  -.0984318   .0930937    -1.06   0.290    -.2809773    .08
> 41137
       2016  |   .0349294   .0968728     0.36   0.718    -.1550263    .22
> 48852
       2018  |  -.0252085   .1045748    -0.24   0.810    -.2302669      .
> 17985
       2020  |  -.1245016   .0968561    -1.29   0.199    -.3144247    .06
> 54214
       2022  |  -.2009887   .1056102    -1.90   0.057    -.4080774    .00
> 61001
             |
   share_ira |  -.1765898   .0302705    -5.83   0.000    -.2359466    -.1
> 17233
             |
        year#|
 c.share_ira |
       2004  |   .1438327    .038146     3.77   0.000     .0690329    .21
> 86325
       2006  |    .104262   .0400815     2.60   0.009      .025667    .18
> 28569
       2008  |   .1234544   .0492652     2.51   0.012     .0268514    .22
> 00574
       2010  |   .1018586   .0370999     2.75   0.006     .0291102    .17
> 46069
       2012  |   .1264551   .0379539     3.33   0.001     .0520322    .20
> 08781
       2014  |   .2010197    .059377     3.39   0.001     .0845886    .31
> 74507
       2016  |   .1828282   .0380552     4.80   0.000     .1082066    .25
> 74499
       2018  |   .2197971   .0402553     5.46   0.000     .1408614    .29
> 87328
       2020  |   .0738899   .0378728     1.95   0.051    -.0003741    .14
> 81538
       2022  |   .1998452   .0509372     3.92   0.000     .0999635    .29
> 97268
             |
   share_bus |  -.1351701   .0527747    -2.56   0.010    -.2386549   -.03
> 16854
             |
        year#|
 c.share_bus |
       2004  |   .1945845   .0759444     2.56   0.010     .0456667    .34
> 35023
       2006  |   .2265077   .0726481     3.12   0.002     .0840536    .36
> 89618
       2008  |   .1518879   .0656301     2.31   0.021     .0231953    .28
> 05805
       2010  |   .2185039   .0694169     3.15   0.002     .0823857    .35
> 46221
       2012  |   .0965508    .066218     1.46   0.145    -.0332946    .22
> 63962
       2014  |   .1345753    .066958     2.01   0.045     .0032787    .26
> 58719
       2016  |   .1692279   .0636396     2.66   0.008     .0444383    .29
> 40175
       2018  |   .1643266    .078707     2.09   0.037     .0099916    .31
> 86615
       2020  |   .0387521   .0768885     0.50   0.614     -.112017    .18
> 95212
       2022  |   .2484535   .0819054     3.03   0.002     .0878469    .40
> 90601
             |
liability_~e |    .123873   .0699286     1.77   0.077    -.0132486    .26
> 09946
             |
        year#|
          c. |
liability_~e |
       2004  |  -.0800143   .0861611    -0.93   0.353    -.2489658    .08
> 89371
       2006  |     .27058   .1810069     1.49   0.135    -.0843525    .62
> 55126
       2008  |  -.3186052   .0976421    -3.26   0.001    -.5100695    -.1
> 27141
       2010  |  -.2728278   .1446848    -1.89   0.059    -.5565372    .01
> 08817
       2012  |    -.13079   .1051057    -1.24   0.213    -.3368895    .07
> 53096
       2014  |  -.1453425    .076948    -1.89   0.059    -.2962281    .00
> 55431
       2016  |  -.2701884   .1285845    -2.10   0.036     -.522327   -.01
> 80498
       2018  |  -.3618469   .1378387    -2.63   0.009    -.6321319   -.09
> 15619
       2020  |  -.2631559   .1496586    -1.76   0.079    -.5566184    .03
> 03065
       2022  |   .0055496   .2085324     0.03   0.979    -.4033572    .41
> 44564
             |
       _cons |   .1921484   .0834076     2.30   0.021     .0285961    .35
> 57007
-------------------------------------------------------------------------
> -----

. 
. di as txt ""


. 
. * ---------------------------------------------------------------------
. * Regression 2.4: r_annual_excl_trim (excluding residential, trimmed)
. * ---------------------------------------------------------------------
. di as txt "============================================================
> ========"
====================================================================

. di as txt "Regression 2.4: r_annual_excl_trim (excluding residential, t
> rimmed)"
Regression 2.4: r_annual_excl_trim (excluding residential, trimmed)

. di as txt "============================================================
> ========"
====================================================================

. 
. * Load fresh data and restrict to balanced panel for r_annual_excl_trim
. use "_randhrs1992_2022v1_panel.dta", clear

. 
. * Count non-missing r_annual_excl_trim per individual
. bysort hhidpn: egen n_nonmiss = count(r_annual_excl_trim) if !missing(r
> _annual_excl_trim)
(109,245 missing values generated)

. bysort hhidpn: egen total_obs = count(r_annual_excl_trim)

. bysort hhidpn: egen max_nonmiss = max(n_nonmiss)
(53,416 missing values generated)

. 
. * Keep only individuals with non-missing r_annual_excl_trim in ALL year
> s (11 years total)
. keep if max_nonmiss == 11 & total_obs == 11
(157,828 observations deleted)

. drop n_nonmiss total_obs max_nonmiss

. 
. * Verify balanced panel
. bysort hhidpn: gen n_obs = _N

. summarize n_obs

    Variable |        Obs        Mean    Std. dev.       Min        Max
-------------+---------------------------------------------------------
       n_obs |     16,588          11           0         11         11

. di as txt "Sample restricted to individuals with r_annual_excl_trim in 
> all 11 years: " _N " observations"
Sample restricted to individuals with r_annual_excl_trim in all 11 years:
>  16588 observations

. di as txt "Min obs per individual: " r(min) ", Max obs per individual: 
> " r(max)
Min obs per individual: 11, Max obs per individual: 11

. drop n_obs

. 
. * Set panel structure
. xtset hhidpn year

Panel variable: hhidpn (strongly balanced)
 Time variable: year, 2002 to 2022, but with gaps
         Delta: 1 unit

. gen age_sq = age^2

. 
. eststo reg2_4: reg r_annual_excl_trim age age_sq raedyrs i.inlbrf i.mar
> ried i.born_us ///
>     i.wealth_nonres_d2 i.wealth_nonres_d3 i.wealth_nonres_d4 i.wealth_n
> onres_d5 i.wealth_nonres_d6 ///
>     i.wealth_nonres_d7 i.wealth_nonres_d8 i.wealth_nonres_d9 i.wealth_n
> onres_d10 ///
>     i.year ///
>     c.share_stk##i.year ///
>     c.share_bond##i.year ///
>     c.share_re##i.year ///
>     c.share_ira##i.year ///
>     c.share_bus##i.year ///
>     c.liability_share##i.year, vce(cluster hhidpn)

Linear regression                               Number of obs     =     1
> 6,547
                                                F(91, 1506)       =      
> 10.98
                                                Prob > F          =     0
> .0000
                                                R-squared         =     0
> .0509
                                                Root MSE          =     .
> 14144

                             (Std. err. adjusted for 1,507 clusters in hh
> idpn)
-------------------------------------------------------------------------
> -----
             |               Robust
r_annual_e~m | Coefficient  std. err.      t    P>|t|     [95% conf. inte
> rval]
-------------+-----------------------------------------------------------
> -----
         age |  -.0015666   .0016135    -0.97   0.332    -.0047315    .00
> 15982
      age_sq |   6.15e-06   .0000114     0.54   0.590    -.0000162    .00
> 00285
     raedyrs |   .0058772   .0004151    14.16   0.000      .005063    .00
> 66914
             |
      inlbrf |
      1.yes  |   .0149653   .0024901     6.01   0.000     .0100808    .01
> 98497
             |
     married |
        yes  |    .014808   .0025554     5.79   0.000     .0097955    .01
> 98206
             |
     born_us |
        yes  |  -.0034903   .0032147    -1.09   0.278     -.009796    .00
> 28154
1.wealth_n~2 |  -.0098894   .0070705    -1.40   0.162    -.0237584    .00
> 39797
1.wealth_n~3 |  -.0237948   .0067114    -3.55   0.000    -.0369595   -.01
> 06302
1.wealth_n~4 |  -.0241487   .0071686    -3.37   0.001    -.0382103   -.01
> 00871
1.wealth_n~5 |  -.0388272   .0074748    -5.19   0.000    -.0534894    -.0
> 24165
1.wealth_n~6 |  -.0484119   .0072306    -6.70   0.000     -.062595   -.03
> 42287
1.wealth_n~7 |  -.0522431   .0076396    -6.84   0.000    -.0672285   -.03
> 72576
1.wealth_n~8 |  -.0566171   .0079108    -7.16   0.000    -.0721345   -.04
> 10997
1.wealth_n~9 |   -.059958   .0081317    -7.37   0.000    -.0759085   -.04
> 40074
1.wealth_n~0 |   -.076921   .0087242    -8.82   0.000    -.0940339   -.05
> 98081
             |
        year |
       2004  |   .0053108   .0093011     0.57   0.568    -.0129337    .02
> 35552
       2006  |   .0040183   .0088517     0.45   0.650    -.0133448    .02
> 13813
       2008  |  -.0129851   .0081571    -1.59   0.112    -.0289856    .00
> 30154
       2010  |  -.0221215   .0081339    -2.72   0.007    -.0380765   -.00
> 61665
       2012  |  -.0185192   .0085846    -2.16   0.031    -.0353582   -.00
> 16801
       2014  |   .0009032    .008626     0.10   0.917    -.0160172    .01
> 78235
       2016  |   -.003062   .0086853    -0.35   0.724    -.0200986    .01
> 39746
       2018  |   .0018423   .0091121     0.20   0.840    -.0160315     .0
> 19716
       2020  |  -.0023966   .0092785    -0.26   0.796    -.0205967    .01
> 58036
       2022  |   .0113575    .009293     1.22   0.222    -.0068711     .0
> 29586
             |
   share_stk |  -.1004067   .0277203    -3.62   0.000    -.1547812   -.04
> 60323
             |
        year#|
 c.share_stk |
       2004  |   .0695417   .0420917     1.65   0.099    -.0130228    .15
> 21062
       2006  |   .1106273   .0435088     2.54   0.011     .0252831    .19
> 59716
       2008  |    .057824   .0375792     1.54   0.124    -.0158891     .1
> 31537
       2010  |   .0892224   .0380707     2.34   0.019     .0145452    .16
> 38995
       2012  |    .117157   .0354134     3.31   0.001     .0476922    .18
> 66217
       2014  |    .163749   .0366692     4.47   0.000     .0918208    .23
> 56771
       2016  |   .1422235   .0352137     4.04   0.000     .0731504    .21
> 12966
       2018  |   .1069588   .0415167     2.58   0.010     .0255221    .18
> 83954
       2020  |    .090423   .0360445     2.51   0.012     .0197202    .16
> 11257
       2022  |   .1372576   .0410867     3.34   0.001     .0566644    .21
> 78508
             |
  share_bond |   .3678548   .1327401     2.77   0.006     .1074797    .62
> 82299
             |
        year#|
c.share_bond |
       2004  |  -.3832772   .2092166    -1.83   0.067     -.793664    .02
> 71096
       2006  |  -.4135144   .2002997    -2.06   0.039    -.8064104   -.02
> 06185
       2008  |    .091429   .2192912     0.42   0.677    -.3387196    .52
> 15776
       2010  |  -.1394869   .1611764    -0.87   0.387     -.455641    .17
> 66672
       2012  |  -.2050425   .1538273    -1.33   0.183     -.506781    .09
> 66961
       2014  |  -.3777873   .1608965    -2.35   0.019    -.6933923   -.06
> 21824
       2016  |  -.3327789   .1568778    -2.12   0.034     -.640501   -.02
> 50568
       2018  |  -.3476113   .1576942    -2.20   0.028    -.6569349   -.03
> 82876
       2020  |  -.3453306   .1662779    -2.08   0.038    -.6714914   -.01
> 91698
       2022  |  -.5082028   .1466891    -3.46   0.001    -.7959395   -.22
> 04661
             |
    share_re |  -.0676688    .040827    -1.66   0.098    -.1477527    .01
> 24151
             |
        year#|
  c.share_re |
       2004  |   .0372339   .0530082     0.70   0.483    -.0667438    .14
> 12116
       2006  |   .0853529   .0539783     1.58   0.114    -.0205276    .19
> 12334
       2008  |   .0905792   .0483958     1.87   0.061    -.0043511    .18
> 55096
       2010  |   -.022283   .0542776    -0.41   0.681    -.1287507    .08
> 41847
       2012  |   .0553403   .0560197     0.99   0.323    -.0545446    .16
> 52252
       2014  |   .0600557   .0574287     1.05   0.296    -.0525929    .17
> 27044
       2016  |   .0582653   .0572338     1.02   0.309    -.0540012    .17
> 05318
       2018  |    .021429   .0601068     0.36   0.722    -.0964728    .13
> 93309
       2020  |   .0987241   .0606537     1.63   0.104    -.0202505    .21
> 76988
       2022  |   .0089749   .0638583     0.14   0.888    -.1162857    .13
> 42354
             |
   share_ira |  -.1191743   .0202102    -5.90   0.000    -.1588175   -.07
> 95312
             |
        year#|
 c.share_ira |
       2004  |   .0714448   .0290675     2.46   0.014     .0144278    .12
> 84618
       2006  |   .1241407   .0288742     4.30   0.000     .0675028    .18
> 07785
       2008  |   .0822523   .0261005     3.15   0.002     .0310552    .13
> 34494
       2010  |   .0265337   .0255593     1.04   0.299    -.0236019    .07
> 66694
       2012  |   .0973486   .0255062     3.82   0.000     .0473172    .14
> 73801
       2014  |   .0839886   .0255308     3.29   0.001     .0339089    .13
> 40682
       2016  |   .0459101   .0245419     1.87   0.062    -.0022298      .
> 09405
       2018  |   .0824553    .026325     3.13   0.002     .0308177    .13
> 40929
       2020  |   .0568679   .0265231     2.14   0.032     .0048418     .1
> 08894
       2022  |   .1317246   .0294467     4.47   0.000     .0739637    .18
> 94855
             |
   share_bus |  -.0641591   .0399577    -1.61   0.109    -.1425376    .01
> 42195
             |
        year#|
 c.share_bus |
       2004  |    .132518   .0625871     2.12   0.034     .0097509    .25
> 52852
       2006  |   .1499252   .0583191     2.57   0.010     .0355299    .26
> 43205
       2008  |   .1332925   .0545879     2.44   0.015      .026216    .24
> 03689
       2010  |   .1595517   .0682524     2.34   0.020     .0256719    .29
> 34315
       2012  |   .0322777     .05724     0.56   0.573    -.0800009    .14
> 45563
       2014  |   .1393738   .0530765     2.63   0.009     .0352621    .24
> 34855
       2016  |   .0452533   .0490364     0.92   0.356    -.0509337    .14
> 14402
       2018  |   .0378225   .0630351     0.60   0.549    -.0858233    .16
> 14684
       2020  |   .1142011   .0525711     2.17   0.030     .0110808    .21
> 73214
       2022  |   .0894939   .0618522     1.45   0.148    -.0318316    .21
> 08195
             |
liability_~e |   .0396529   .0628043     0.63   0.528    -.0835403    .16
> 28462
             |
        year#|
          c. |
liability_~e |
       2004  |   .0031528   .0747666     0.04   0.966    -.1435049    .14
> 98105
       2006  |    .064081   .0844182     0.76   0.448    -.1015088    .22
> 96708
       2008  |  -.1422646   .0836407    -1.70   0.089    -.3063292       
> .0218
       2010  |   .0074988   .0750535     0.10   0.920    -.1397216    .15
> 47193
       2012  |  -.1389002   .0964807    -1.44   0.150    -.3281511    .05
> 03507
       2014  |  -.1349797   .0646703    -2.09   0.037    -.2618331   -.00
> 81263
       2016  |  -.1887206   .0752425    -2.51   0.012    -.3363117   -.04
> 11295
       2018  |  -.1969599   .1108616    -1.78   0.076    -.4144194    .02
> 04997
       2020  |  -.1645535   .0857213    -1.92   0.055    -.3326992    .00
> 35923
       2022  |  -.1991385   .0987255    -2.02   0.044    -.3927926   -.00
> 54844
             |
       _cons |   .0681562   .0569817     1.20   0.232    -.0436157     .1
> 79928
-------------------------------------------------------------------------
> -----

. 
. di as txt ""


. 
. * ---------------------------------------------------------------------
. * Export results
. * ---------------------------------------------------------------------
. di as txt "============================================================
> ========"
====================================================================

. di as txt "=== Exporting Results                                       
>      ==="
=== Exporting Results                                            ===

. di as txt "============================================================
> ========"
====================================================================

. 
. * Export to LaTeX table
. local tables "/Volumes/SSD PRO/Github-forks/Chp2-BeliefsandTrust/Paper/
> Tables"

. local outfile "`tables'/shares_interacted.tex"

. 
. * Short, human column titles for 4 models
. local mt "Annual" "Annual (trim)" "Excl. res" "Excl. res (trim)"

. 
. * Short row names (LaTeX-safe)
. local vlab age "Age"

. local vlab2 age_sq "Age\$^{2}\$"

. local vlab3 raedyrs "Years of education"

. local vlab4 1.inlbrf "In labor force"

. local vlab5 1.married "Married"

. local vlab6 1.born_us "Born in U.S."

. local vlab7 1.wealth_d2 "Wealth d2"

. local vlab8 1.wealth_d3 "Wealth d3"

. local vlab9 1.wealth_d4 "Wealth d4"

. local vlab10 1.wealth_d5 "Wealth d5"

. local vlab11 1.wealth_d6 "Wealth d6"

. local vlab12 1.wealth_d7 "Wealth d7"

. local vlab13 1.wealth_d8 "Wealth d8"

. local vlab14 1.wealth_d9 "Wealth d9"

. local vlab15 1.wealth_d10 "Wealth d10"

. local vlab16 1.wealth_nonres_d2 "Non-res wealth d2"

. local vlab17 1.wealth_nonres_d3 "Non-res wealth d3"

. local vlab18 1.wealth_nonres_d4 "Non-res wealth d4"

. local vlab19 1.wealth_nonres_d5 "Non-res wealth d5"

. local vlab20 1.wealth_nonres_d6 "Non-res wealth d6"

. local vlab21 1.wealth_nonres_d7 "Non-res wealth d7"

. local vlab22 1.wealth_nonres_d8 "Non-res wealth d8"

. local vlab23 1.wealth_nonres_d9 "Non-res wealth d9"

. local vlab24 1.wealth_nonres_d10 "Non-res wealth d10"

. local vlab25 share_stk "Stock share"

. local vlab26 share_bond "Bond share"

. local vlab27 share_re "Real estate share"

. local vlab28 share_ira "IRA share"

. local vlab29 share_bus "Business share"

. local vlab30 liability_share "Liability share"

. 
. * Year dummy labels
. local vlab31 2.year "2004"

. local vlab32 3.year "2006"

. local vlab33 4.year "2008"

. local vlab34 5.year "2010"

. local vlab35 6.year "2012"

. local vlab36 7.year "2014"

. local vlab37 8.year "2016"

. local vlab38 9.year "2018"

. local vlab39 10.year "2020"

. local vlab40 11.year "2022"

. 
. esttab reg2_1 reg2_2 reg2_3 reg2_4 using "`outfile'", replace ///
>     booktabs se star(* 0.10 ** 0.05 *** 0.01) ///
>     compress b(%9.3f) se(%9.3f) ///
>     mtitles(`mt') ///
>     varlabels(age "Age" age_sq "Age$^{2}$" raedyrs "Years of education"
>  1.inlbrf "In labor force" 1.married "Married" ///
>               share_stk "Stock share" share_bond "Bond share" share_re 
> "Real estate share" share_ira "IRA share" share_bus "Business share" li
> ability_share "Liability share") ///
>     keep(age age_sq raedyrs 1.inlbrf 1.married share_stk share_bond sha
> re_re share_ira share_bus liability_share) ///
>     stats(N r2 r2_a, labels("Observations" "R-squared" "Adjusted R-squa
> red")) ///
>     title("Asset Shares × Year Interactions") ///
>     addnote("Clustered standard errors at individual level in parenthes
> es" "*** p<0.01, ** p<0.05, * p<0.10" "Wealth deciles, year dummies, an
> d interaction terms included but not shown" "Joint F-tests by asset cla
> ss reported below and in log")
(output written to /Volumes/SSD PRO/Github-forks/Chp2-BeliefsandTrust/Pap
> er/Tables/shares_interacted.tex)

. 
. * Create summary table with F-test results
. di as txt ""


. di as txt "============================================================
> ========"
====================================================================

. di as txt "=== SUMMARY TABLE: Asset Shares × Year Interactions ==="
=== SUMMARY TABLE: Asset Shares × Year Interactions ===

. di as txt "============================================================
> ========"
====================================================================

. di as txt ""


. di as txt "Asset Share          F-statistic    p-value    Interpretatio
> n"
Asset Share          F-statistic    p-value    Interpretation

. di as txt "------------------------------------------------------------
> ----"
----------------------------------------------------------------

. di as txt "Stock share          " %6.2f `fstat_stk' "        " %6.4f `p
> _stk' "    " cond(`p_stk'<0.01, "***", cond(`p_stk'<0.05, "**", cond(`p
> _stk'<0.10, "*", "Not significant")))
Stock share            9.61        0.0019    ***

. di as txt "Bond share           " %6.2f `fstat_bond' "        " %6.4f `
> p_bond' "    " cond(`p_bond'<0.01, "***", cond(`p_bond'<0.05, "**", con
> d(`p_bond'<0.10, "*", "Not significant")))
Bond share             9.73        0.0018    ***

. di as txt "Real estate share    " %6.2f `fstat_re' "        " %6.4f `p_
> re' "    " cond(`p_re'<0.01, "***", cond(`p_re'<0.05, "**", cond(`p_re'
> <0.10, "*", "Not significant")))
Real estate share      0.21        0.6502    Not significant

. di as txt "IRA share            " %6.2f `fstat_ira' "        " %6.4f `p
> _ira' "    " cond(`p_ira'<0.01, "***", cond(`p_ira'<0.05, "**", cond(`p
> _ira'<0.10, "*", "Not significant")))
IRA share             13.88        0.0002    ***

. di as txt "Business share       " %6.2f `fstat_bus' "        " %6.4f `p
> _bus' "    " cond(`p_bus'<0.01, "***", cond(`p_bus'<0.05, "**", cond(`p
> _bus'<0.10, "*", "Not significant")))
Business share         0.76        0.3836    Not significant

. di as txt "Liability share      " %6.2f `fstat_liab' "        " %6.4f `
> p_liab' "    " cond(`p_liab'<0.01, "***", cond(`p_liab'<0.05, "**", con
> d(`p_liab'<0.10, "*", "Not significant")))
Liability share        4.07        0.0438    **

. di as txt ""


. di as txt "Notes: F-tests examine whether asset share effects vary sign
> ificantly across years"
Notes: F-tests examine whether asset share effects vary significantly acr
> oss years

. di as txt "       *** p<0.01, ** p<0.05, * p<0.10"
       *** p<0.01, ** p<0.05, * p<0.10

. 
. * Display summary results in log
. di as txt ""


. di as txt "============================================================
> ========"
====================================================================

. di as txt "=== Summary: Joint F-test Results (from Regression 2.1)     
>     ==="
=== Summary: Joint F-test Results (from Regression 2.1)         ===

. di as txt "============================================================
> ========"
====================================================================

. di as txt ""


. di as txt "Asset Share      F-statistic    p-value"
Asset Share      F-statistic    p-value

. di as txt "----------------------------------------------"
----------------------------------------------

. di as txt "Stock            " %6.2f `fstat_stk' "        " %6.4f `p_stk
> '
Stock              9.61        0.0019

. di as txt "Bond             " %6.2f `fstat_bond' "        " %6.4f `p_bo
> nd'
Bond               9.73        0.0018

. di as txt "Real Estate      " %6.2f `fstat_re' "        " %6.4f `p_re'
Real Estate        0.21        0.6502

. di as txt "IRA              " %6.2f `fstat_ira' "        " %6.4f `p_ira
> '
IRA               13.88        0.0002

. di as txt "Business         " %6.2f `fstat_bus' "        " %6.4f `p_bus
> '
Business           0.76        0.3836

. di as txt ""


. 
. di as txt ""


. 
. di as txt "============================================================
> ========"
====================================================================

. di as txt "=== Asset Shares × Year Interactions Complete               
>     ==="
=== Asset Shares × Year Interactions Complete                   ===

. di as txt "============================================================
> ========"
====================================================================

. 
. capture log off
