-----------------------------------------------------------------------------
      name:  <unnamed>
       log:  /Volumes/SSD PRO/Github-forks/Chp2-BeliefsandTrust/Code/Data/HRS
> _Long/randhrs1992_2022v1_STATA/reg_fixed_effects.log
  log type:  text
 opened on:  20 Oct 2025, 15:49:38

. 
. set more off

. log on
(log already on)

. 
. * Install estout package if not already installed
. capture which estout

. if _rc {
.     ssc install estout, replace
. }

. 
. di as txt "================================================================
> ===="
====================================================================

. di as txt "=== Regression Set 3: Individual Fixed Effects                  
>  ==="
=== Regression Set 3: Individual Fixed Effects                   ===

. di as txt "================================================================
> ===="
====================================================================

. di as txt ""


. 
. * ---------------------------------------------------------------------
. * Regression 3.1: r_annual (including residential)
. * ---------------------------------------------------------------------
. di as txt "================================================================
> ===="
====================================================================

. di as txt "Regression 3.1: r_annual (including residential)"
Regression 3.1: r_annual (including residential)

. di as txt "================================================================
> ===="
====================================================================

. 
. * Load fresh data and create truly balanced panel for r_annual
. use "_randhrs1992_2022v1_panel.dta", clear

. xtset hhidpn year

Panel variable: hhidpn (strongly balanced)
 Time variable: year, 2002 to 2022, but with gaps
         Delta: 1 unit

. 
. * Generate age_sq first
. gen age_sq = age^2
(82,616 missing values generated)

. 
. * Build the complete variable set that will be used in the regression
. * Check for ANY missing values across ALL variables that xtreg will use
. egen any_miss = rowmiss(r_annual age age_sq married inlbrf ///
>     wealth_d2 wealth_d3 wealth_d4 wealth_d5 wealth_d6 ///
>     wealth_d7 wealth_d8 wealth_d9 wealth_d10 ///
>     risky_share year_1 year_2 year_3 year_4 year_5 year_6 ///
>     year_7 year_8 year_9 year_10 year_11)

. 
. * Drop any individual-year with ANY missing variable
. drop if any_miss > 0
(102,950 observations deleted)

. 
. * Now require balanced panel: each individual must have exactly 11 rows
. bysort hhidpn: gen n_obs = _N

. keep if n_obs == 11
(43,834 observations deleted)

. 
. * Verify balance
. quietly summarize n_obs

. di as txt "Estimation sample: Min obs per id = " r(min) ", Max = " r(max) "
> , Mean = " r(mean)
Estimation sample: Min obs per id = 11, Max = 11, Mean = 11

. drop n_obs any_miss

. 
. eststo clear

. eststo reg3_1: xtreg r_annual i.married i.inlbrf ///
>     i.wealth_d2 i.wealth_d3 i.wealth_d4 i.wealth_d5 i.wealth_d6 ///
>     i.wealth_d7 i.wealth_d8 i.wealth_d9 i.wealth_d10 ///
>     risky_share year_1 year_2 year_3 year_4 year_5 year_6 year_7 year_8 yea
> r_9 year_10 year_11, fe vce(cluster hhidpn)
note: year_11 omitted because of collinearity.

Fixed-effects (within) regression               Number of obs     =     27,63
> 2
Group variable: hhidpn                          Number of groups  =      2,51
> 2

R-squared:                                      Obs per group:
     Within  = 0.1356                                         min =         1
> 1
     Between = 0.0018                                         avg =       11.
> 0
     Overall = 0.0343                                         max =         1
> 1

                                                F(22, 2511)       =     105.9
> 3
corr(u_i, Xb) = -0.8070                         Prob > F          =     0.000
> 0

                             (Std. err. adjusted for 2,512 clusters in hhidpn
> )
-----------------------------------------------------------------------------
> -
             |               Robust
    r_annual | Coefficient  std. err.      t    P>|t|     [95% conf. interval
> ]
-------------+---------------------------------------------------------------
> -
     married |
        yes  |   .0143313   .0101931     1.41   0.160    -.0056563     .03431
> 9
             |
      inlbrf |
      1.yes  |  -.0033906   .0068548    -0.49   0.621    -.0168322    .010051
> 1
 1.wealth_d2 |  -.0313339   .0281484    -1.11   0.266    -.0865305    .023862
> 6
 1.wealth_d3 |  -.0596225   .0290025    -2.06   0.040    -.1164938   -.002751
> 1
 1.wealth_d4 |  -.1522277   .0275611    -5.52   0.000    -.2062724    -.09818
> 3
 1.wealth_d5 |  -.2091675    .027853    -7.51   0.000    -.2637848   -.154550
> 3
 1.wealth_d6 |  -.3097293   .0283188   -10.94   0.000    -.3652598   -.254198
> 8
 1.wealth_d7 |  -.4189696   .0293588   -14.27   0.000    -.4765396   -.361399
> 7
 1.wealth_d8 |  -.5501519   .0307655   -17.88   0.000    -.6104803   -.489823
> 6
 1.wealth_d9 |  -.6736159   .0325802   -20.68   0.000    -.7375027   -.609729
> 2
1.wealth_d10 |  -.8692978   .0378672   -22.96   0.000     -.943552   -.795043
> 6
 risky_share |   .0672631   .0618566     1.09   0.277     -.054032    .188558
> 2
      year_1 |  -.0617959   .0121578    -5.08   0.000    -.0856361   -.037955
> 6
      year_2 |  -.0539794   .0109822    -4.92   0.000    -.0755146   -.032444
> 2
      year_3 |   .0186652   .0122644     1.52   0.128    -.0053841    .042714
> 5
      year_4 |  -.0908699   .0101112    -8.99   0.000    -.1106971   -.071042
> 6
      year_5 |  -.1406232   .0102961   -13.66   0.000     -.160813   -.120433
> 4
      year_6 |  -.0464928   .0098962    -4.70   0.000    -.0658983   -.027087
> 2
      year_7 |  -.0032018   .0098609    -0.32   0.745    -.0225382    .016134
> 6
      year_8 |  -.0314914   .0101598    -3.10   0.002    -.0514139   -.011568
> 9
      year_9 |  -.0088012   .0100334    -0.88   0.380    -.0284758    .010873
> 4
     year_10 |  -.0391263    .010878    -3.60   0.000    -.0604571   -.017795
> 5
     year_11 |          0  (omitted)
       _cons |   .5686578   .0308217    18.45   0.000     .5082193    .629096
> 3
-------------+---------------------------------------------------------------
> -
     sigma_u |  .23899054
     sigma_e |  .33884585
         rho |  .33220196   (fraction of variance due to u_i)
-----------------------------------------------------------------------------
> -

. 
. * Display fixed effects summary
. di as txt "Fixed effects summary for regression 3.1:"
Fixed effects summary for regression 3.1:

. di as txt "Number of groups (individuals): " e(N_g)
Number of groups (individuals): 2512

. di as txt "Average observations per group: " %6.2f e(g_avg)
Average observations per group:  11.00

. 
. * Predict and plot fixed effects
. predict fe_hat, u

. histogram fe_hat, title("Distribution of Individual Fixed Effects") ///
>     subtitle("Regression 3.1: r_annual") ///
>     xtitle("Fixed Effect Coefficient") ///
>     ytitle("Density") ///
>     normal
(bin=44, start=-.55049002, width=.03069644)

. graph export "/Volumes/SSD PRO/Github-forks/Chp2-BeliefsandTrust/Paper/Figu
> res/fixed_effects_hist_reg3_1.png", replace
file /Volumes/SSD
    PRO/Github-forks/Chp2-BeliefsandTrust/Paper/Figures/fixed_effects_hist_
    > reg3_1.png saved as PNG format

. 
. * Summary statistics of fixed effects
. summarize fe_hat, detail

                          u[hhidpn]
-------------------------------------------------------------
      Percentiles      Smallest
 1%    -.4689324        -.55049
 5%    -.3781725        -.55049
10%    -.3183522        -.55049       Obs              27,632
25%    -.1857247        -.55049       Sum of wgt.      27,632

50%    -.0013577                      Mean           4.45e-12
                        Largest       Std. dev.      .2389473
75%     .1847085       .8001534
90%     .3246044       .8001534       Variance       .0570958
95%     .3714419       .8001534       Skewness       .0734996
99%     .4647669       .8001534       Kurtosis       2.256914

. di as txt "Fixed effects summary statistics:"
Fixed effects summary statistics:

. di as txt "Mean: " %8.4f r(mean)
Mean:   0.0000

. di as txt "Std Dev: " %8.4f r(sd)
Std Dev:   0.2389

. di as txt "Min: " %8.4f r(min)
Min:  -0.5505

. di as txt "Max: " %8.4f r(max)
Max:   0.8002

. drop fe_hat

. 
. di as txt ""


. di as txt "Note: raedyrs and born_us dropped (time-invariant)"
Note: raedyrs and born_us dropped (time-invariant)

. di as txt ""


. 
. * ---------------------------------------------------------------------
. * Regression 3.2: r_annual_trim (including residential, trimmed)
. * ---------------------------------------------------------------------
. di as txt "================================================================
> ===="
====================================================================

. di as txt "Regression 3.2: r_annual_trim (including residential, trimmed)"
Regression 3.2: r_annual_trim (including residential, trimmed)

. di as txt "================================================================
> ===="
====================================================================

. 
. * Load fresh data and create truly balanced panel for r_annual_trim
. use "_randhrs1992_2022v1_panel.dta", clear

. xtset hhidpn year

Panel variable: hhidpn (strongly balanced)
 Time variable: year, 2002 to 2022, but with gaps
         Delta: 1 unit

. 
. * Generate age_sq first
. gen age_sq = age^2
(82,616 missing values generated)

. 
. * Build the complete variable set that will be used in the regression
. * Check for ANY missing values across ALL variables that xtreg will use
. egen any_miss = rowmiss(r_annual_trim age age_sq married inlbrf ///
>     wealth_d2 wealth_d3 wealth_d4 wealth_d5 wealth_d6 ///
>     wealth_d7 wealth_d8 wealth_d9 wealth_d10 ///
>     risky_share year_1 year_2 year_3 year_4 year_5 year_6 ///
>     year_7 year_8 year_9 year_10 year_11)

. 
. * Drop any individual-year with ANY missing variable
. drop if any_miss > 0
(110,057 observations deleted)

. 
. * Now require balanced panel: each individual must have exactly 11 rows
. bysort hhidpn: gen n_obs = _N

. keep if n_obs == 11
(45,879 observations deleted)

. 
. * Verify balance
. quietly summarize n_obs

. di as txt "Estimation sample: Min obs per id = " r(min) ", Max = " r(max) "
> , Mean = " r(mean)
Estimation sample: Min obs per id = 11, Max = 11, Mean = 11

. drop n_obs any_miss

. 
. eststo reg3_2: xtreg r_annual_trim i.married i.inlbrf ///
>     i.wealth_d2 i.wealth_d3 i.wealth_d4 i.wealth_d5 i.wealth_d6 ///
>     i.wealth_d7 i.wealth_d8 i.wealth_d9 i.wealth_d10 ///
>     risky_share year_1 year_2 year_3 year_4 year_5 year_6 year_7 year_8 yea
> r_9 year_10 year_11, fe vce(cluster hhidpn)
note: year_11 omitted because of collinearity.

Fixed-effects (within) regression               Number of obs     =     18,48
> 0
Group variable: hhidpn                          Number of groups  =      1,68
> 0

R-squared:                                      Obs per group:
     Within  = 0.1752                                         min =         1
> 1
     Between = 0.0006                                         avg =       11.
> 0
     Overall = 0.0372                                         max =         1
> 1

                                                F(22, 1679)       =     141.1
> 9
corr(u_i, Xb) = -0.8469                         Prob > F          =     0.000
> 0

                             (Std. err. adjusted for 1,680 clusters in hhidpn
> )
-----------------------------------------------------------------------------
> -
             |               Robust
r_annual_t~m | Coefficient  std. err.      t    P>|t|     [95% conf. interval
> ]
-------------+---------------------------------------------------------------
> -
     married |
        yes  |   .0245006   .0073238     3.35   0.001     .0101358    .038865
> 4
             |
      inlbrf |
      1.yes  |  -.0021293   .0044438    -0.48   0.632    -.0108452    .006586
> 5
 1.wealth_d2 |   -.035441   .0180924    -1.96   0.050    -.0709271    .000045
> 2
 1.wealth_d3 |  -.0755818    .018064    -4.18   0.000    -.1110121   -.040151
> 5
 1.wealth_d4 |  -.1066552   .0179447    -5.94   0.000    -.1418516   -.071458
> 8
 1.wealth_d5 |  -.1557818   .0181325    -8.59   0.000    -.1913465   -.120217
> 2
 1.wealth_d6 |  -.2133476   .0181706   -11.74   0.000    -.2489871   -.177708
> 2
 1.wealth_d7 |  -.2898795   .0186686   -15.53   0.000    -.3264957   -.253263
> 3
 1.wealth_d8 |  -.3688667    .019015   -19.40   0.000    -.4061622   -.331571
> 2
 1.wealth_d9 |  -.4688364   .0197581   -23.73   0.000    -.5075895   -.430083
> 4
1.wealth_d10 |   -.598275   .0206747   -28.94   0.000    -.6388259    -.55772
> 4
 risky_share |  -.0442316   .0150267    -2.94   0.003    -.0737045   -.014758
> 6
      year_1 |  -.0703644   .0081771    -8.61   0.000    -.0864028   -.054326
> 1
      year_2 |   -.033232   .0076151    -4.36   0.000    -.0481682   -.018295
> 8
      year_3 |   .0051298   .0077886     0.66   0.510    -.0101466    .020406
> 1
      year_4 |  -.0817388   .0071279   -11.47   0.000    -.0957194   -.067758
> 2
      year_5 |  -.1354024   .0072216   -18.75   0.000    -.1495666   -.121238
> 1
      year_6 |  -.0618204   .0070154    -8.81   0.000    -.0755804   -.048060
> 5
      year_7 |  -.0142067    .006988    -2.03   0.042    -.0279129   -.000500
> 6
      year_8 |  -.0387387   .0069197    -5.60   0.000    -.0523108   -.025166
> 6
      year_9 |  -.0203776   .0069674    -2.92   0.003    -.0340432   -.006711
> 9
     year_10 |  -.0488365   .0074868    -6.52   0.000     -.063521    -.03415
> 2
     year_11 |          0  (omitted)
       _cons |   .4233908   .0194177    21.80   0.000     .3853054    .461476
> 2
-------------+---------------------------------------------------------------
> -
     sigma_u |  .16698687
     sigma_e |  .19063255
         rho |  .43416814   (fraction of variance due to u_i)
-----------------------------------------------------------------------------
> -

. 
. * Predict and plot fixed effects for regression 3.2
. predict fe_hat, u

. histogram fe_hat, title("Distribution of Individual Fixed Effects") ///
>     subtitle("Regression 3.2: r_annual_trim") ///
>     xtitle("Fixed Effect Coefficient") ///
>     ytitle("Density") ///
>     normal
(bin=42, start=-.36587912, width=.01866256)

. graph export "/Volumes/SSD PRO/Github-forks/Chp2-BeliefsandTrust/Paper/Figu
> res/fixed_effects_hist_reg3_2.png", replace
file /Volumes/SSD
    PRO/Github-forks/Chp2-BeliefsandTrust/Paper/Figures/fixed_effects_hist_
    > reg3_2.png saved as PNG format

. drop fe_hat

. 
. di as txt ""


. 
. * ---------------------------------------------------------------------
. * Regression 3.3: r_annual_excl (excluding residential)
. * ---------------------------------------------------------------------
. di as txt "================================================================
> ===="
====================================================================

. di as txt "Regression 3.3: r_annual_excl (excluding residential)"
Regression 3.3: r_annual_excl (excluding residential)

. di as txt "================================================================
> ===="
====================================================================

. 
. * Load fresh data and create truly balanced panel for r_annual_excl
. use "_randhrs1992_2022v1_panel.dta", clear

. xtset hhidpn year

Panel variable: hhidpn (strongly balanced)
 Time variable: year, 2002 to 2022, but with gaps
         Delta: 1 unit

. 
. * Generate age_sq first
. gen age_sq = age^2
(82,616 missing values generated)

. 
. * Build the complete variable set that will be used in the regression
. * Check for ANY missing values across ALL variables that xtreg will use
. egen any_miss = rowmiss(r_annual_excl age age_sq married inlbrf ///
>     wealth_nonres_d2 wealth_nonres_d3 wealth_nonres_d4 wealth_nonres_d5 wea
> lth_nonres_d6 ///
>     wealth_nonres_d7 wealth_nonres_d8 wealth_nonres_d9 wealth_nonres_d10 //
> /
>     risky_share year_1 year_2 year_3 year_4 year_5 year_6 ///
>     year_7 year_8 year_9 year_10 year_11)

. 
. * Drop any individual-year with ANY missing variable
. drop if any_miss > 0
(102,261 observations deleted)

. 
. * Now require balanced panel: each individual must have exactly 11 rows
. bysort hhidpn: gen n_obs = _N

. keep if n_obs == 11
(44,204 observations deleted)

. 
. * Verify balance
. quietly summarize n_obs

. di as txt "Estimation sample: Min obs per id = " r(min) ", Max = " r(max) "
> , Mean = " r(mean)
Estimation sample: Min obs per id = 11, Max = 11, Mean = 11

. drop n_obs any_miss

. 
. eststo reg3_3: xtreg r_annual_excl i.married i.inlbrf ///
>     i.wealth_nonres_d2 i.wealth_nonres_d3 i.wealth_nonres_d4 i.wealth_nonre
> s_d5 i.wealth_nonres_d6 ///
>     i.wealth_nonres_d7 i.wealth_nonres_d8 i.wealth_nonres_d9 i.wealth_nonre
> s_d10 ///
>     risky_share year_1 year_2 year_3 year_4 year_5 year_6 year_7 year_8 yea
> r_9 year_10 year_11, fe vce(cluster hhidpn)
note: year_11 omitted because of collinearity.

Fixed-effects (within) regression               Number of obs     =     27,95
> 1
Group variable: hhidpn                          Number of groups  =      2,54
> 1

R-squared:                                      Obs per group:
     Within  = 0.1708                                         min =         1
> 1
     Between = 0.0342                                         avg =       11.
> 0
     Overall = 0.0224                                         max =         1
> 1

                                                F(22, 2540)       =     104.8
> 4
corr(u_i, Xb) = -0.8414                         Prob > F          =     0.000
> 0

                             (Std. err. adjusted for 2,541 clusters in hhidpn
> )
-----------------------------------------------------------------------------
> -
             |               Robust
r_annual_e~l | Coefficient  std. err.      t    P>|t|     [95% conf. interval
> ]
-------------+---------------------------------------------------------------
> -
     married |
        yes  |   .0139302    .008537     1.63   0.103      -.00281    .030670
> 4
             |
      inlbrf |
      1.yes  |   .0001182   .0054612     0.02   0.983    -.0105906    .010827
> 1
1.wealth_n~2 |  -.0293428   .0208731    -1.41   0.160    -.0702728    .011587
> 3
1.wealth_n~3 |  -.0670258   .0205588    -3.26   0.001    -.1073396   -.026712
> 1
1.wealth_n~4 |  -.1360515   .0206232    -6.60   0.000    -.1764914   -.095611
> 5
1.wealth_n~5 |  -.1926157   .0212572    -9.06   0.000     -.234299   -.150932
> 4
1.wealth_n~6 |  -.2899326   .0214089   -13.54   0.000    -.3319133   -.247951
> 9
1.wealth_n~7 |  -.3884231   .0221734   -17.52   0.000    -.4319029   -.344943
> 3
1.wealth_n~8 |  -.4947581    .023009   -21.50   0.000    -.5398764   -.449639
> 8
1.wealth_n~9 |  -.6128249   .0243441   -25.17   0.000    -.6605612   -.565088
> 6
1.wealth_n~0 |  -.7814215   .0260291   -30.02   0.000     -.832462   -.730381
> 1
 risky_share |  -.0875259   .0184745    -4.74   0.000    -.1237525   -.051299
> 3
      year_1 |  -.0623947   .0100585    -6.20   0.000    -.0821183    -.04267
> 1
      year_2 |  -.0515559   .0091118    -5.66   0.000    -.0694233   -.033688
> 5
      year_3 |  -.0028548    .009407    -0.30   0.762     -.021301    .015591
> 4
      year_4 |  -.0511915    .008473    -6.04   0.000    -.0678062   -.034576
> 8
      year_5 |  -.0763038   .0083896    -9.10   0.000    -.0927548   -.059852
> 7
      year_6 |  -.0055721   .0078685    -0.71   0.479    -.0210014    .009857
> 2
      year_7 |    .019971   .0075898     2.63   0.009     .0050882    .034853
> 9
      year_8 |  -.0145114   .0078697    -1.84   0.065    -.0299432    .000920
> 3
      year_9 |   .0092838   .0081551     1.14   0.255    -.0067076    .025275
> 2
     year_10 |  -.0149624   .0084733    -1.77   0.078    -.0315777     .00165
> 3
     year_11 |          0  (omitted)
       _cons |   .4903584   .0238269    20.58   0.000     .4436363    .537080
> 5
-------------+---------------------------------------------------------------
> -
     sigma_u |  .23880954
     sigma_e |  .26782529
         rho |   .4429157   (fraction of variance due to u_i)
-----------------------------------------------------------------------------
> -

. 
. * Predict and plot fixed effects for regression 3.3
. predict fe_hat, u

. histogram fe_hat, title("Distribution of Individual Fixed Effects") ///
>     subtitle("Regression 3.3: r_annual_excl") ///
>     xtitle("Fixed Effect Coefficient") ///
>     ytitle("Density") ///
>     normal
(bin=44, start=-.47243661, width=.02883614)

. graph export "/Volumes/SSD PRO/Github-forks/Chp2-BeliefsandTrust/Paper/Figu
> res/fixed_effects_hist_reg3_3.png", replace
file /Volumes/SSD
    PRO/Github-forks/Chp2-BeliefsandTrust/Paper/Figures/fixed_effects_hist_
    > reg3_3.png saved as PNG format

. drop fe_hat

. 
. di as txt ""


. 
. * ---------------------------------------------------------------------
. * Regression 3.4: r_annual_excl_trim (excluding residential, trimmed)
. * ---------------------------------------------------------------------
. di as txt "================================================================
> ===="
====================================================================

. di as txt "Regression 3.4: r_annual_excl_trim (excluding residential, trimm
> ed)"
Regression 3.4: r_annual_excl_trim (excluding residential, trimmed)

. di as txt "================================================================
> ===="
====================================================================

. 
. * Load fresh data and create truly balanced panel for r_annual_excl_trim
. use "_randhrs1992_2022v1_panel.dta", clear

. xtset hhidpn year

Panel variable: hhidpn (strongly balanced)
 Time variable: year, 2002 to 2022, but with gaps
         Delta: 1 unit

. 
. * Generate age_sq first
. gen age_sq = age^2
(82,616 missing values generated)

. 
. * Build the complete variable set that will be used in the regression
. * Check for ANY missing values across ALL variables that xtreg will use
. egen any_miss = rowmiss(r_annual_excl_trim age age_sq married inlbrf ///
>     wealth_nonres_d2 wealth_nonres_d3 wealth_nonres_d4 wealth_nonres_d5 wea
> lth_nonres_d6 ///
>     wealth_nonres_d7 wealth_nonres_d8 wealth_nonres_d9 wealth_nonres_d10 //
> /
>     risky_share year_1 year_2 year_3 year_4 year_5 year_6 ///
>     year_7 year_8 year_9 year_10 year_11)

. 
. * Drop any individual-year with ANY missing variable
. drop if any_miss > 0
(109,456 observations deleted)

. 
. * Now require balanced panel: each individual must have exactly 11 rows
. bysort hhidpn: gen n_obs = _N

. keep if n_obs == 11
(48,680 observations deleted)

. 
. * Verify balance
. quietly summarize n_obs

. di as txt "Estimation sample: Min obs per id = " r(min) ", Max = " r(max) "
> , Mean = " r(mean)
Estimation sample: Min obs per id = 11, Max = 11, Mean = 11

. drop n_obs any_miss

. 
. eststo reg3_4: xtreg r_annual_excl_trim i.married i.inlbrf ///
>     i.wealth_nonres_d2 i.wealth_nonres_d3 i.wealth_nonres_d4 i.wealth_nonre
> s_d5 i.wealth_nonres_d6 ///
>     i.wealth_nonres_d7 i.wealth_nonres_d8 i.wealth_nonres_d9 i.wealth_nonre
> s_d10 ///
>     risky_share year_1 year_2 year_3 year_4 year_5 year_6 year_7 year_8 yea
> r_9 year_10 year_11, fe vce(cluster hhidpn)
note: year_11 omitted because of collinearity.

Fixed-effects (within) regression               Number of obs     =     16,28
> 0
Group variable: hhidpn                          Number of groups  =      1,48
> 0

R-squared:                                      Obs per group:
     Within  = 0.1743                                         min =         1
> 1
     Between = 0.0765                                         avg =       11.
> 0
     Overall = 0.0079                                         max =         1
> 1

                                                F(22, 1479)       =      85.9
> 3
corr(u_i, Xb) = -0.8957                         Prob > F          =     0.000
> 0

                             (Std. err. adjusted for 1,480 clusters in hhidpn
> )
-----------------------------------------------------------------------------
> -
             |               Robust
r_annual_e~m | Coefficient  std. err.      t    P>|t|     [95% conf. interval
> ]
-------------+---------------------------------------------------------------
> -
     married |
        yes  |   .0176967   .0058146     3.04   0.002     .0062909    .029102
> 4
             |
      inlbrf |
      1.yes  |   .0037715   .0035912     1.05   0.294    -.0032729    .010815
> 8
1.wealth_n~2 |   -.003609   .0071639    -0.50   0.614    -.0176615    .010443
> 5
1.wealth_n~3 |  -.0405119   .0072479    -5.59   0.000    -.0547292   -.026294
> 6
1.wealth_n~4 |  -.0748945   .0084206    -8.89   0.000    -.0914122   -.058376
> 8
1.wealth_n~5 |  -.1241994   .0088725   -14.00   0.000    -.1416034   -.106795
> 3
1.wealth_n~6 |  -.1729108   .0092238   -18.75   0.000    -.1910039   -.154817
> 8
1.wealth_n~7 |  -.2337078   .0099998   -23.37   0.000    -.2533231   -.214092
> 5
1.wealth_n~8 |  -.2995082    .010809   -27.71   0.000    -.3207108   -.278305
> 6
1.wealth_n~9 |  -.3709906   .0117025   -31.70   0.000    -.3939458   -.348035
> 3
1.wealth_n~0 |  -.4770907    .013272   -35.95   0.000    -.5031246   -.451056
> 8
 risky_share |  -.0617838   .0134944    -4.58   0.000     -.088254   -.035313
> 7
      year_1 |  -.0571015    .006359    -8.98   0.000     -.069575   -.044627
> 9
      year_2 |  -.0331163   .0057786    -5.73   0.000    -.0444514   -.021781
> 1
      year_3 |  -.0086034   .0057358    -1.50   0.134    -.0198547    .002647
> 8
      year_4 |  -.0391468   .0052196    -7.50   0.000    -.0493853   -.028908
> 3
      year_5 |  -.0594094   .0050183   -11.84   0.000    -.0692531   -.049565
> 7
      year_6 |  -.0143072   .0051345    -2.79   0.005    -.0243789   -.004235
> 5
      year_7 |   .0042795   .0049355     0.87   0.386    -.0054019     .01396
> 1
      year_8 |  -.0137142   .0049618    -2.76   0.006     -.023447   -.003981
> 4
      year_9 |  -.0006605   .0051255    -0.13   0.897    -.0107146    .009393
> 6
     year_10 |  -.0149637    .005183    -2.89   0.004    -.0251304   -.004796
> 9
     year_11 |          0  (omitted)
       _cons |   .2822665   .0104666    26.97   0.000     .2617354    .302797
> 5
-------------+---------------------------------------------------------------
> -
     sigma_u |  .15374831
     sigma_e |  .13304829
         rho |   .5718026   (fraction of variance due to u_i)
-----------------------------------------------------------------------------
> -

. 
. * Predict and plot fixed effects for regression 3.4
. predict fe_hat, u

. histogram fe_hat, title("Distribution of Individual Fixed Effects") ///
>     subtitle("Regression 3.4: r_annual_excl_trim") ///
>     xtitle("Fixed Effect Coefficient") ///
>     ytitle("Density") ///
>     normal
(bin=42, start=-.28242463, width=.01584776)

. graph export "/Volumes/SSD PRO/Github-forks/Chp2-BeliefsandTrust/Paper/Figu
> res/fixed_effects_hist_reg3_4.png", replace
file /Volumes/SSD
    PRO/Github-forks/Chp2-BeliefsandTrust/Paper/Figures/fixed_effects_hist_
    > reg3_4.png saved as PNG format

. drop fe_hat

. 
. di as txt ""


. 
. * ---------------------------------------------------------------------
. * Export results
. * ---------------------------------------------------------------------
. di as txt "================================================================
> ===="
====================================================================

. di as txt "=== Exporting Results                                           
>  ==="
=== Exporting Results                                            ===

. di as txt "================================================================
> ===="
====================================================================

. 
. * Export to LaTeX table
. local tables "/Volumes/SSD PRO/Github-forks/Chp2-BeliefsandTrust/Paper/Tabl
> es"

. local outfile "`tables'/fixed_effects.tex"

. 
. * Short, human column titles for 4 models
. local mt "Annual" "Annual (trim)" "Excl. res" "Excl. res (trim)"

. 
. * Short row names (LaTeX-safe)
. local vlab age "Age"

. local vlab2 age_sq "Age\$^{2}\$"

. local vlab3 1.married "Married"

. local vlab4 1.inlbrf "In labor force"

. local vlab5 1.wealth_d2 "Wealth d2"

. local vlab6 1.wealth_d3 "Wealth d3"

. local vlab7 1.wealth_d4 "Wealth d4"

. local vlab8 1.wealth_d5 "Wealth d5"

. local vlab9 1.wealth_d6 "Wealth d6"

. local vlab10 1.wealth_d7 "Wealth d7"

. local vlab11 1.wealth_d8 "Wealth d8"

. local vlab12 1.wealth_d9 "Wealth d9"

. local vlab13 1.wealth_d10 "Wealth d10"

. local vlab14 1.wealth_nonres_d2 "Non-res wealth d2"

. local vlab15 1.wealth_nonres_d3 "Non-res wealth d3"

. local vlab16 1.wealth_nonres_d4 "Non-res wealth d4"

. local vlab17 1.wealth_nonres_d5 "Non-res wealth d5"

. local vlab18 1.wealth_nonres_d6 "Non-res wealth d6"

. local vlab19 1.wealth_nonres_d7 "Non-res wealth d7"

. local vlab20 1.wealth_nonres_d8 "Non-res wealth d8"

. local vlab21 1.wealth_nonres_d9 "Non-res wealth d9"

. local vlab22 1.wealth_nonres_d10 "Non-res wealth d10"

. local vlab23 risky_share "Risky share"

. 
. esttab reg3_1 reg3_2 reg3_3 reg3_4 using "`outfile'", replace ///
>     booktabs se star(* 0.10 ** 0.05 *** 0.01) ///
>     compress b(%9.3f) se(%9.3f) ///
>     mtitles(`mt') ///
>     varlabels(1.married "Married" 1.inlbrf "In labor force" risky_share "Ri
> sky share") ///
>     keep(1.married 1.inlbrf risky_share) ///
>     stats(N N_g r2_w r2_b r2_o sigma_u sigma_e rho, labels("Observations" "
> Number of groups" "R-sq within" "R-sq between" "R-sq overall" "Sigma u" "Si
> gma e" "Rho")) ///
>     title("Individual Fixed Effects Regressions") ///
>     addnote("Clustered standard errors at individual level in parentheses" 
> "*** p<0.01, ** p<0.05, * p<0.10" "Individual fixed effects included but no
> t shown" "Wealth deciles and year dummies included but not shown")
(output written to /Volumes/SSD PRO/Github-forks/Chp2-BeliefsandTrust/Paper/T
> ables/fixed_effects.tex)

. 
. * Display results in log (summary only)
. di as txt "Fixed Effects 3.1 (Annual returns): N=" e(N) ", Groups=" e(N_g) 
> ", R² within=" %6.3f e(r2_w)
Fixed Effects 3.1 (Annual returns): N=16280, Groups=1480, R² within= 0.174

. di as txt "Fixed Effects 3.2 (Annual returns, trimmed): N=" e(N) ", Groups=
> " e(N_g) ", R² within=" %6.3f e(r2_w)
Fixed Effects 3.2 (Annual returns, trimmed): N=16280, Groups=1480, R² within=
>  0.174

. di as txt "Fixed Effects 3.3 (Excl. residential): N=" e(N) ", Groups=" e(N_
> g) ", R² within=" %6.3f e(r2_w)
Fixed Effects 3.3 (Excl. residential): N=16280, Groups=1480, R² within= 0.174

. di as txt "Fixed Effects 3.4 (Excl. residential, trimmed): N=" e(N) ", Grou
> ps=" e(N_g) ", R² within=" %6.3f e(r2_w)
Fixed Effects 3.4 (Excl. residential, trimmed): N=16280, Groups=1480, R² with
> in= 0.174

. 
. di as txt ""


. di as txt "================================================================
> ===="
====================================================================

. di as txt "=== Individual Fixed Effects Complete                           
>  ==="
=== Individual Fixed Effects Complete                            ===

. di as txt "================================================================
> ===="
====================================================================

. 
. capture log off
